Change Component Footprint: Designator=H4 Old Footprint=MPT 0,5/ 2-2,54 New Footprint=MPT 0,5/ 4-2,54
Change Component Comment : Designator=H4 Old Comment=1725656 New Comment=MPT0,5/4-2,54
Change component parameters: Designator = "H4" ("H4"); Footprint = "MPT 0,5/ 2-2,54"; UniqueID = "\PMFGDYJH" ("\PMFGDYJH")
Change component parameters (AddParameter): Name = "Category"; Value = "Terminal Blocks"; VariantName = "[No Variations]"
Change component parameters (AddParameter): Name = "ComponentLink1Description"; Value = "https://www.distrelec.biz/Web/Downloads/20/76/uu142076.pdf?mime=application%2Fpdf&src-supplier=Distrelec"; VariantName = "[No Variations]"
Change component parameters (AddParameter): Name = "ComponentLink1URL"; Value = "https://www.distrelec.biz/Web/Downloads/20/76/uu142076.pdf?mime=application%2Fpdf&src-supplier=Distrelec"; VariantName = "[No Variations]"
Change component parameters (AddParameter): Name = "Depth"; Value = "6.2mm"; VariantName = "[No Variations]"
Change component parameters (AddParameter): Name = "Housing Material"; Value = "4261ConductorMaterial"; VariantName = "[No Variations]"
Change component parameters (AddParameter): Name = "Length"; Value = "10.62mm"; VariantName = "[No Variations]"
Change component parameters (AddParameter): Name = "Manufacturer"; Value = "Phoenix Contact"; VariantName = "[No Variations]"
Change component parameters (AddParameter): Name = "Manufacturer Part Number"; Value = "MPT0,5/4-2,54"; VariantName = "[No Variations]"
Change component parameters (AddParameter): Name = "Max Current Rating"; Value = "6A"; VariantName = "[No Variations]"
Change component parameters (AddParameter): Name = "Max Supply Voltage"; Value = "63V"; VariantName = "[No Variations]"
Change component parameters (AddParameter): Name = "Number of Pins"; Value = "4"; VariantName = "[No Variations]"
Change component parameters (AddParameter): Name = "Number of Rows"; Value = "1NUMBER"; VariantName = "[No Variations]"
Change component parameters (AddParameter): Name = "Orientation"; Value = "5491OrientationType"; VariantName = "[No Variations]"
Change component parameters (AddParameter): Name = "RoHS"; Value = "Yes"; VariantName = "[No Variations]"
Change component parameters (AddParameter): Name = "RoHS Compliant"; Value = "Yes"; VariantName = "[No Variations]"
Change component parameters (AddParameter): Name = "Stock 1"; Value = "49"; VariantName = "[No Variations]"
Change component parameters (AddParameter): Name = "Supplier 1"; Value = "Sourcengine"; VariantName = "[No Variations]"
Change component parameters (AddParameter): Name = "Supplier Part Number 1"; Value = "MPT0,5/4-2,54"; VariantName = "[No Variations]"
Change component parameters (AddParameter): Name = "Termination"; Value = "Screw"; VariantName = "[No Variations]"
Change component parameters (AddParameter): Name = "Wire Gauge (Max)"; Value = "26AWG"; VariantName = "[No Variations]"
Change component parameters (AddParameter): Name = "Wire Gauge (Min)"; Value = "20AWG"; VariantName = "[No Variations]"
Added Pin To Net: NetName=NetH4_2 Pin=H4-3
Added Pin To Net: NetName=VREF- Pin=H4-4
Added Member To Class: ClassName=Sheet1 Member=Component C8 1u
Added Member To Class: ClassName=Sheet1 Member=Component C24 1uF
Added Member To Class: ClassName=Sheet1 Member=Component H3 1725669
Added Member To Class: ClassName=Sheet1 Member=Component R2 560R
Added Member To Class: ClassName=Sheet1 Member=Component R5 100k
Added Member To Class: ClassName=Sheet1 Member=Component R6 100k
Added Member To Class: ClassName=Sheet1 Member=Component R7 100k
Added Member To Class: ClassName=Sheet1 Member=Component R8 100k
Added Member To Class: ClassName=Sheet1 Member=Component R10 1M
Added Member To Class: ClassName=Sheet1 Member=Component R13 100k
Added Member To Class: ClassName=Sheet1 Member=Component R14 100k
Added Member To Class: ClassName=Sheet1 Member=Component R18 1k
Added Member To Class: ClassName=Sheet1 Member=Component R19 100k
Added Member To Class: ClassName=Sheet1 Member=Component R21 100k
