Replace Part *3 1725656 in C:\Users\viniv\OneDrive\Desktop\engenhariaeletrica\Mestrado_Prototipagem\Projeto_prototipagem_mestrado\2ele275-cepm-24-projeto-jm-torres-main\Componentes\ESR03EZPJ103\Sheet1.SchDoc with 1725656 from Schlib1.SchLib
Replace Part C1 B45197A3107K509 in C:\Users\viniv\OneDrive\Desktop\engenhariaeletrica\Mestrado_Prototipagem\Projeto_prototipagem_mestrado\2ele275-cepm-24-projeto-jm-torres-main\Componentes\ESR03EZPJ103\Sheet1.SchDoc with B45197A3107K509 from Schlib1.SchLib
Replace Part C2 TAJA105K016RNJ in C:\Users\viniv\OneDrive\Desktop\engenhariaeletrica\Mestrado_Prototipagem\Projeto_prototipagem_mestrado\2ele275-cepm-24-projeto-jm-torres-main\Componentes\ESR03EZPJ103\Sheet1.SchDoc with TAJA105K016RNJ from Schlib1.SchLib
Replace Part C3 TAJA105K016RNJ in C:\Users\viniv\OneDrive\Desktop\engenhariaeletrica\Mestrado_Prototipagem\Projeto_prototipagem_mestrado\2ele275-cepm-24-projeto-jm-torres-main\Componentes\ESR03EZPJ103\Sheet1.SchDoc with TAJA105K016RNJ from Schlib1.SchLib
Replace Part C4 TAJA105K016RNJ in C:\Users\viniv\OneDrive\Desktop\engenhariaeletrica\Mestrado_Prototipagem\Projeto_prototipagem_mestrado\2ele275-cepm-24-projeto-jm-torres-main\Componentes\ESR03EZPJ103\Sheet1.SchDoc with TAJA105K016RNJ from Schlib1.SchLib
Replace Part C5 TAJA105K016RNJ in C:\Users\viniv\OneDrive\Desktop\engenhariaeletrica\Mestrado_Prototipagem\Projeto_prototipagem_mestrado\2ele275-cepm-24-projeto-jm-torres-main\Componentes\ESR03EZPJ103\Sheet1.SchDoc with TAJA105K016RNJ from Schlib1.SchLib
Replace Part C6 TAJA105K016RNJ in C:\Users\viniv\OneDrive\Desktop\engenhariaeletrica\Mestrado_Prototipagem\Projeto_prototipagem_mestrado\2ele275-cepm-24-projeto-jm-torres-main\Componentes\ESR03EZPJ103\Sheet1.SchDoc with TAJA105K016RNJ from Schlib1.SchLib
Replace Part C7 B45197A3107K509 in C:\Users\viniv\OneDrive\Desktop\engenhariaeletrica\Mestrado_Prototipagem\Projeto_prototipagem_mestrado\2ele275-cepm-24-projeto-jm-torres-main\Componentes\ESR03EZPJ103\Sheet1.SchDoc with B45197A3107K509 from Schlib1.SchLib
Replace Part C8 TAJA105K016RNJ in C:\Users\viniv\OneDrive\Desktop\engenhariaeletrica\Mestrado_Prototipagem\Projeto_prototipagem_mestrado\2ele275-cepm-24-projeto-jm-torres-main\Componentes\ESR03EZPJ103\Sheet1.SchDoc with TAJA105K016RNJ from Schlib1.SchLib
Replace Part C9 TAJA105K016RNJ in C:\Users\viniv\OneDrive\Desktop\engenhariaeletrica\Mestrado_Prototipagem\Projeto_prototipagem_mestrado\2ele275-cepm-24-projeto-jm-torres-main\Componentes\ESR03EZPJ103\Sheet1.SchDoc with TAJA105K016RNJ from Schlib1.SchLib
Replace Part C10 B45197A3107K509 in C:\Users\viniv\OneDrive\Desktop\engenhariaeletrica\Mestrado_Prototipagem\Projeto_prototipagem_mestrado\2ele275-cepm-24-projeto-jm-torres-main\Componentes\ESR03EZPJ103\Sheet1.SchDoc with B45197A3107K509 from Schlib1.SchLib
Replace Part C11 TAJA105K016RNJ in C:\Users\viniv\OneDrive\Desktop\engenhariaeletrica\Mestrado_Prototipagem\Projeto_prototipagem_mestrado\2ele275-cepm-24-projeto-jm-torres-main\Componentes\ESR03EZPJ103\Sheet1.SchDoc with TAJA105K016RNJ from Schlib1.SchLib
Replace Part C12 B45197A3107K509 in C:\Users\viniv\OneDrive\Desktop\engenhariaeletrica\Mestrado_Prototipagem\Projeto_prototipagem_mestrado\2ele275-cepm-24-projeto-jm-torres-main\Componentes\ESR03EZPJ103\Sheet1.SchDoc with B45197A3107K509 from Schlib1.SchLib
Replace Part C13 B45197A3107K509 in C:\Users\viniv\OneDrive\Desktop\engenhariaeletrica\Mestrado_Prototipagem\Projeto_prototipagem_mestrado\2ele275-cepm-24-projeto-jm-torres-main\Componentes\ESR03EZPJ103\Sheet1.SchDoc with B45197A3107K509 from Schlib1.SchLib
Replace Part C14 TAJA105K016RNJ in C:\Users\viniv\OneDrive\Desktop\engenhariaeletrica\Mestrado_Prototipagem\Projeto_prototipagem_mestrado\2ele275-cepm-24-projeto-jm-torres-main\Componentes\ESR03EZPJ103\Sheet1.SchDoc with TAJA105K016RNJ from Schlib1.SchLib
Replace Part C15 B45197A3107K509 in C:\Users\viniv\OneDrive\Desktop\engenhariaeletrica\Mestrado_Prototipagem\Projeto_prototipagem_mestrado\2ele275-cepm-24-projeto-jm-torres-main\Componentes\ESR03EZPJ103\Sheet1.SchDoc with B45197A3107K509 from Schlib1.SchLib
Replace Part C16 B45197A3107K509 in C:\Users\viniv\OneDrive\Desktop\engenhariaeletrica\Mestrado_Prototipagem\Projeto_prototipagem_mestrado\2ele275-cepm-24-projeto-jm-torres-main\Componentes\ESR03EZPJ103\Sheet1.SchDoc with B45197A3107K509 from Schlib1.SchLib
Replace Part C17 B45197A3107K509 in C:\Users\viniv\OneDrive\Desktop\engenhariaeletrica\Mestrado_Prototipagem\Projeto_prototipagem_mestrado\2ele275-cepm-24-projeto-jm-torres-main\Componentes\ESR03EZPJ103\Sheet1.SchDoc with B45197A3107K509 from Schlib1.SchLib
Replace Part C18 B45197A3107K509 in C:\Users\viniv\OneDrive\Desktop\engenhariaeletrica\Mestrado_Prototipagem\Projeto_prototipagem_mestrado\2ele275-cepm-24-projeto-jm-torres-main\Componentes\ESR03EZPJ103\Sheet1.SchDoc with B45197A3107K509 from Schlib1.SchLib
Replace Part C19 B45197A3107K509 in C:\Users\viniv\OneDrive\Desktop\engenhariaeletrica\Mestrado_Prototipagem\Projeto_prototipagem_mestrado\2ele275-cepm-24-projeto-jm-torres-main\Componentes\ESR03EZPJ103\Sheet1.SchDoc with B45197A3107K509 from Schlib1.SchLib
Replace Part C20 TAJA105K016RNJ in C:\Users\viniv\OneDrive\Desktop\engenhariaeletrica\Mestrado_Prototipagem\Projeto_prototipagem_mestrado\2ele275-cepm-24-projeto-jm-torres-main\Componentes\ESR03EZPJ103\Sheet1.SchDoc with TAJA105K016RNJ from Schlib1.SchLib
Replace Part C21 B45197A3107K509 in C:\Users\viniv\OneDrive\Desktop\engenhariaeletrica\Mestrado_Prototipagem\Projeto_prototipagem_mestrado\2ele275-cepm-24-projeto-jm-torres-main\Componentes\ESR03EZPJ103\Sheet1.SchDoc with B45197A3107K509 from Schlib1.SchLib
Replace Part C22 TAJA105K016RNJ in C:\Users\viniv\OneDrive\Desktop\engenhariaeletrica\Mestrado_Prototipagem\Projeto_prototipagem_mestrado\2ele275-cepm-24-projeto-jm-torres-main\Componentes\ESR03EZPJ103\Sheet1.SchDoc with TAJA105K016RNJ from Schlib1.SchLib
Replace Part C23 B45197A3107K509 in C:\Users\viniv\OneDrive\Desktop\engenhariaeletrica\Mestrado_Prototipagem\Projeto_prototipagem_mestrado\2ele275-cepm-24-projeto-jm-torres-main\Componentes\ESR03EZPJ103\Sheet1.SchDoc with B45197A3107K509 from Schlib1.SchLib
Replace Part D1 LNJ314G8TRA in C:\Users\viniv\OneDrive\Desktop\engenhariaeletrica\Mestrado_Prototipagem\Projeto_prototipagem_mestrado\2ele275-cepm-24-projeto-jm-torres-main\Componentes\ESR03EZPJ103\Sheet1.SchDoc with LNJ314G8TRA from Schlib1.SchLib
Replace Part D2 LNJ314G8TRA in C:\Users\viniv\OneDrive\Desktop\engenhariaeletrica\Mestrado_Prototipagem\Projeto_prototipagem_mestrado\2ele275-cepm-24-projeto-jm-torres-main\Componentes\ESR03EZPJ103\Sheet1.SchDoc with LNJ314G8TRA from Schlib1.SchLib
Replace Part D3 1N4001 in C:\Users\viniv\OneDrive\Desktop\engenhariaeletrica\Mestrado_Prototipagem\Projeto_prototipagem_mestrado\2ele275-cepm-24-projeto-jm-torres-main\Componentes\ESR03EZPJ103\Sheet1.SchDoc with 1N4001 from Schlib1.SchLib
Replace Part H1 1725656 in C:\Users\viniv\OneDrive\Desktop\engenhariaeletrica\Mestrado_Prototipagem\Projeto_prototipagem_mestrado\2ele275-cepm-24-projeto-jm-torres-main\Componentes\ESR03EZPJ103\Sheet1.SchDoc with 1725656 from Schlib1.SchLib
Replace Part H2 1725656 in C:\Users\viniv\OneDrive\Desktop\engenhariaeletrica\Mestrado_Prototipagem\Projeto_prototipagem_mestrado\2ele275-cepm-24-projeto-jm-torres-main\Componentes\ESR03EZPJ103\Sheet1.SchDoc with 1725656 from Schlib1.SchLib
Replace Part H3 1725656 in C:\Users\viniv\OneDrive\Desktop\engenhariaeletrica\Mestrado_Prototipagem\Projeto_prototipagem_mestrado\2ele275-cepm-24-projeto-jm-torres-main\Componentes\ESR03EZPJ103\Sheet1.SchDoc with 1725656 from Schlib1.SchLib
Replace Part J1 53047-0310 in C:\Users\viniv\OneDrive\Desktop\engenhariaeletrica\Mestrado_Prototipagem\Projeto_prototipagem_mestrado\2ele275-cepm-24-projeto-jm-torres-main\Componentes\ESR03EZPJ103\Sheet1.SchDoc with 53047-0310 from Schlib1.SchLib
Replace Part Q1 BC817-25,235 in C:\Users\viniv\OneDrive\Desktop\engenhariaeletrica\Mestrado_Prototipagem\Projeto_prototipagem_mestrado\2ele275-cepm-24-projeto-jm-torres-main\Componentes\ESR03EZPJ103\Sheet1.SchDoc with BC817-25,235 from Schlib1.SchLib
Replace Part Q2 BC817-25,235 in C:\Users\viniv\OneDrive\Desktop\engenhariaeletrica\Mestrado_Prototipagem\Projeto_prototipagem_mestrado\2ele275-cepm-24-projeto-jm-torres-main\Componentes\ESR03EZPJ103\Sheet1.SchDoc with BC817-25,235 from Schlib1.SchLib
Replace Part Q3 BC817-25,235 in C:\Users\viniv\OneDrive\Desktop\engenhariaeletrica\Mestrado_Prototipagem\Projeto_prototipagem_mestrado\2ele275-cepm-24-projeto-jm-torres-main\Componentes\ESR03EZPJ103\Sheet1.SchDoc with BC817-25,235 from Schlib1.SchLib
Replace Part R1 CRCW04021K00JNED in C:\Users\viniv\OneDrive\Desktop\engenhariaeletrica\Mestrado_Prototipagem\Projeto_prototipagem_mestrado\2ele275-cepm-24-projeto-jm-torres-main\Componentes\ESR03EZPJ103\Sheet1.SchDoc with CRCW04021K00JNED from Schlib1.SchLib
Replace Part R2 CRCW0402560RJNED in C:\Users\viniv\OneDrive\Desktop\engenhariaeletrica\Mestrado_Prototipagem\Projeto_prototipagem_mestrado\2ele275-cepm-24-projeto-jm-torres-main\Componentes\ESR03EZPJ103\Sheet1.SchDoc with CRCW0402560RJNED from Schlib1.SchLib
Replace Part R3 CRCW04021K00JNED in C:\Users\viniv\OneDrive\Desktop\engenhariaeletrica\Mestrado_Prototipagem\Projeto_prototipagem_mestrado\2ele275-cepm-24-projeto-jm-torres-main\Componentes\ESR03EZPJ103\Sheet1.SchDoc with CRCW04021K00JNED from Schlib1.SchLib
Replace Part R4 CRCW0402560RJNED in C:\Users\viniv\OneDrive\Desktop\engenhariaeletrica\Mestrado_Prototipagem\Projeto_prototipagem_mestrado\2ele275-cepm-24-projeto-jm-torres-main\Componentes\ESR03EZPJ103\Sheet1.SchDoc with CRCW0402560RJNED from Schlib1.SchLib
Replace Part R5 ERJ-PA3F1003V in C:\Users\viniv\OneDrive\Desktop\engenhariaeletrica\Mestrado_Prototipagem\Projeto_prototipagem_mestrado\2ele275-cepm-24-projeto-jm-torres-main\Componentes\ESR03EZPJ103\Sheet1.SchDoc with ERJ-PA3F1003V from Schlib1.SchLib
Replace Part R6 ERJ-PA3F1003V in C:\Users\viniv\OneDrive\Desktop\engenhariaeletrica\Mestrado_Prototipagem\Projeto_prototipagem_mestrado\2ele275-cepm-24-projeto-jm-torres-main\Componentes\ESR03EZPJ103\Sheet1.SchDoc with ERJ-PA3F1003V from Schlib1.SchLib
Replace Part R7 RCA0402100KFKED in C:\Users\viniv\OneDrive\Desktop\engenhariaeletrica\Mestrado_Prototipagem\Projeto_prototipagem_mestrado\2ele275-cepm-24-projeto-jm-torres-main\Componentes\ESR03EZPJ103\Sheet1.SchDoc with RCA0402100KFKED from Schlib1.SchLib
Replace Part R8 ERJ-PA3F1003V in C:\Users\viniv\OneDrive\Desktop\engenhariaeletrica\Mestrado_Prototipagem\Projeto_prototipagem_mestrado\2ele275-cepm-24-projeto-jm-torres-main\Componentes\ESR03EZPJ103\Sheet1.SchDoc with ERJ-PA3F1003V from Schlib1.SchLib
Replace Part R9 ERJ-PA3F1003V in C:\Users\viniv\OneDrive\Desktop\engenhariaeletrica\Mestrado_Prototipagem\Projeto_prototipagem_mestrado\2ele275-cepm-24-projeto-jm-torres-main\Componentes\ESR03EZPJ103\Sheet1.SchDoc with ERJ-PA3F1003V from Schlib1.SchLib
Replace Part R10 CRCW04021M00FKEDC in C:\Users\viniv\OneDrive\Desktop\engenhariaeletrica\Mestrado_Prototipagem\Projeto_prototipagem_mestrado\2ele275-cepm-24-projeto-jm-torres-main\Componentes\ESR03EZPJ103\Sheet1.SchDoc with CRCW04021M00FKEDC from Schlib1.SchLib
Replace Part R11 CRCW04021K00JNED in C:\Users\viniv\OneDrive\Desktop\engenhariaeletrica\Mestrado_Prototipagem\Projeto_prototipagem_mestrado\2ele275-cepm-24-projeto-jm-torres-main\Componentes\ESR03EZPJ103\Sheet1.SchDoc with CRCW04021K00JNED from Schlib1.SchLib
Replace Part R12 ERJ-PA3F1003V in C:\Users\viniv\OneDrive\Desktop\engenhariaeletrica\Mestrado_Prototipagem\Projeto_prototipagem_mestrado\2ele275-cepm-24-projeto-jm-torres-main\Componentes\ESR03EZPJ103\Sheet1.SchDoc with ERJ-PA3F1003V from Schlib1.SchLib
Replace Part R13 RCA0402100KFKED in C:\Users\viniv\OneDrive\Desktop\engenhariaeletrica\Mestrado_Prototipagem\Projeto_prototipagem_mestrado\2ele275-cepm-24-projeto-jm-torres-main\Componentes\ESR03EZPJ103\Sheet1.SchDoc with RCA0402100KFKED from Schlib1.SchLib
Replace Part R14 ERJ-PA3F1003V in C:\Users\viniv\OneDrive\Desktop\engenhariaeletrica\Mestrado_Prototipagem\Projeto_prototipagem_mestrado\2ele275-cepm-24-projeto-jm-torres-main\Componentes\ESR03EZPJ103\Sheet1.SchDoc with ERJ-PA3F1003V from Schlib1.SchLib
Replace Part R15 CRCW04021K00JNED in C:\Users\viniv\OneDrive\Desktop\engenhariaeletrica\Mestrado_Prototipagem\Projeto_prototipagem_mestrado\2ele275-cepm-24-projeto-jm-torres-main\Componentes\ESR03EZPJ103\Sheet1.SchDoc with CRCW04021K00JNED from Schlib1.SchLib
Replace Part R16 ERJ-PA3F1003V in C:\Users\viniv\OneDrive\Desktop\engenhariaeletrica\Mestrado_Prototipagem\Projeto_prototipagem_mestrado\2ele275-cepm-24-projeto-jm-torres-main\Componentes\ESR03EZPJ103\Sheet1.SchDoc with ERJ-PA3F1003V from Schlib1.SchLib
Replace Part R17 CRCW0402560RJNED in C:\Users\viniv\OneDrive\Desktop\engenhariaeletrica\Mestrado_Prototipagem\Projeto_prototipagem_mestrado\2ele275-cepm-24-projeto-jm-torres-main\Componentes\ESR03EZPJ103\Sheet1.SchDoc with CRCW0402560RJNED from Schlib1.SchLib
Replace Part R18 CRCW04020000Z0EDHP in C:\Users\viniv\OneDrive\Desktop\engenhariaeletrica\Mestrado_Prototipagem\Projeto_prototipagem_mestrado\2ele275-cepm-24-projeto-jm-torres-main\Componentes\ESR03EZPJ103\Sheet1.SchDoc with CRCW04020000Z0EDHP from Schlib1.SchLib
Replace Part U1 MMA3201KEGR2 in C:\Users\viniv\OneDrive\Desktop\engenhariaeletrica\Mestrado_Prototipagem\Projeto_prototipagem_mestrado\2ele275-cepm-24-projeto-jm-torres-main\Componentes\ESR03EZPJ103\Sheet1.SchDoc with MMA3201KEGR2 from Schlib1.SchLib
Replace Part U2 MAX3232IPWR in C:\Users\viniv\OneDrive\Desktop\engenhariaeletrica\Mestrado_Prototipagem\Projeto_prototipagem_mestrado\2ele275-cepm-24-projeto-jm-torres-main\Componentes\ESR03EZPJ103\Sheet1.SchDoc with MAX3232IPWR from Schlib1.SchLib
Replace Part U3 PIC18F2523-I/SO in C:\Users\viniv\OneDrive\Desktop\engenhariaeletrica\Mestrado_Prototipagem\Projeto_prototipagem_mestrado\2ele275-cepm-24-projeto-jm-torres-main\Componentes\ESR03EZPJ103\Sheet1.SchDoc with PIC18F2523-I/SO from Schlib1.SchLib
Replace Part U4 MC78M05BDTG in C:\Users\viniv\OneDrive\Desktop\engenhariaeletrica\Mestrado_Prototipagem\Projeto_prototipagem_mestrado\2ele275-cepm-24-projeto-jm-torres-main\Componentes\ESR03EZPJ103\Sheet1.SchDoc with MC78M05BDTG from Schlib1.SchLib
Replace Part U5 MPXA4115AC6U in C:\Users\viniv\OneDrive\Desktop\engenhariaeletrica\Mestrado_Prototipagem\Projeto_prototipagem_mestrado\2ele275-cepm-24-projeto-jm-torres-main\Componentes\ESR03EZPJ103\Sheet1.SchDoc with MPXA4115AC6U from Schlib1.SchLib
Replace Part U6 IRF7101TRPBF in C:\Users\viniv\OneDrive\Desktop\engenhariaeletrica\Mestrado_Prototipagem\Projeto_prototipagem_mestrado\2ele275-cepm-24-projeto-jm-torres-main\Componentes\ESR03EZPJ103\Sheet1.SchDoc with IRF7101TRPBF from Schlib1.SchLib
Replace Part X1 NX5032GA-10.000000MHZ-LN-CD-1 in C:\Users\viniv\OneDrive\Desktop\engenhariaeletrica\Mestrado_Prototipagem\Projeto_prototipagem_mestrado\2ele275-cepm-24-projeto-jm-torres-main\Componentes\ESR03EZPJ103\Sheet1.SchDoc with NX5032GA-10.000000MHZ-LN-CD-1 from Schlib1.SchLib
Replace Part Y1 PKLCS1212E4001-R1 in C:\Users\viniv\OneDrive\Desktop\engenhariaeletrica\Mestrado_Prototipagem\Projeto_prototipagem_mestrado\2ele275-cepm-24-projeto-jm-torres-main\Componentes\ESR03EZPJ103\Sheet1.SchDoc with PKLCS1212E4001-R1 from Schlib1.SchLib
